<?xml version="1.0" encoding="utf-8"?><testsuites name="pytest tests"><testsuite name="pytest" errors="0" failures="0" skipped="0" tests="6" time="3.649" timestamp="2026-07-05T19:26:10.106620+00:00" hostname="agent-env-f101e3ea-02c4-4046-9351-9a7da6c7cf3c"><testcase classname="tests.test_packages_redesign" name="test_create_package_legacy_minimal" time="0.801" /><testcase classname="tests.test_packages_redesign" name="test_create_package_with_new_optional_fields" time="0.661" /><testcase classname="tests.test_packages_redesign" name="test_update_package_preserves_optional" time="0.249" /><testcase classname="tests.test_packages_redesign" name="test_duplicate_package" time="0.356" /><testcase classname="tests.test_packages_redesign" name="test_duplicate_missing_returns_404" time="0.119" /><testcase classname="tests.test_packages_redesign" name="test_packages_analytics_shape" time="0.946" /></testsuite></testsuites>