<?xml version="1.0" encoding="utf-8"?><testsuites name="pytest tests"><testsuite name="pytest" errors="0" failures="0" skipped="0" tests="12" time="28.262" timestamp="2026-07-03T11:53:36.806367+00:00" hostname="agent-env-f101e3ea-02c4-4046-9351-9a7da6c7cf3c"><testcase classname="tests.test_booking_payments_sync.TestCreateBooking" name="test_create_returns_pending_and_advance_link" time="1.271" /><testcase classname="tests.test_booking_payments_sync.TestCreateBooking" name="test_list_bookings_has_derived_fields" time="0.861" /><testcase classname="tests.test_booking_payments_sync.TestRegenerateAdvanceLink" name="test_regenerate_updates_url" time="0.955" /><testcase classname="tests.test_booking_payments_sync.TestAdvancePayment" name="test_advance_payment_confirms_booking" time="0.162" /><testcase classname="tests.test_booking_payments_sync.TestBalanceQR" name="test_generate_balance_qr" time="21.466" /><testcase classname="tests.test_booking_payments_sync.TestPaymentHistory" name="test_payment_history_totals" time="0.057" /><testcase classname="tests.test_booking_payments_sync.TestFullyPaid" name="test_full_payment_transitions_to_fully_paid" time="0.954" /><testcase classname="tests.test_booking_payments_sync.TestReviewURL" name="test_review_url" time="0.050" /><testcase classname="tests.test_booking_payments_sync.TestSyncIdempotency" name="test_sync_second_call_reconciles_zero" time="2.085" /><testcase classname="tests.test_booking_payments_sync.TestPaymentStatusesForFilter" name="test_multiple_statuses_present" time="0.055" /><testcase classname="tests.test_booking_payments_sync.TestUpdatePreservesRazorpay" name="test_update_keeps_advance_link" time="0.101" /><testcase classname="tests.test_booking_payments_sync" name="test_zzz_cleanup" time="0.147" /></testsuite></testsuites>