<?xml version="1.0" encoding="utf-8"?><testsuites name="pytest tests"><testsuite name="pytest" errors="0" failures="0" skipped="0" tests="6" time="17.691" timestamp="2026-07-05T17:25:02.011800+00:00" hostname="agent-env-f101e3ea-02c4-4046-9351-9a7da6c7cf3c"><testcase classname="tests.test_deropo_name_fix" name="test_pushname_creates_lead_with_real_name" time="6.126" /><testcase classname="tests.test_deropo_name_fix" name="test_sender_name_field" time="2.411" /><testcase classname="tests.test_deropo_name_fix" name="test_nested_contact_name" time="2.338" /><testcase classname="tests.test_deropo_name_fix" name="test_auto_upgrade_placeholder" time="2.459" /><testcase classname="tests.test_deropo_name_fix" name="test_fallback_placeholder_still_works" time="1.250" /><testcase classname="tests.test_deropo_name_fix" name="test_rename_lead_put" time="2.408" /></testsuite></testsuites>